0 info it worked if it ends with ok
1 verbose cli [ '/Users/jaimeflores/.nvm/versions/node/v7.7.1/bin/node',
1 verbose cli   '/Users/jaimeflores/.nvm/versions/node/v7.7.1/bin/npm',
1 verbose cli   'start' ]
2 info using npm@4.1.2
3 info using node@v7.7.1
4 verbose run-script [ 'prestart', 'start', 'poststart' ]
5 info lifecycle angularjs1-zero-ao-deploy@1.0.0-alpha~prestart: angularjs1-zero-ao-deploy@1.0.0-alpha
6 silly lifecycle angularjs1-zero-ao-deploy@1.0.0-alpha~prestart: no script for prestart, continuing
7 info lifecycle angularjs1-zero-ao-deploy@1.0.0-alpha~start: angularjs1-zero-ao-deploy@1.0.0-alpha
8 verbose lifecycle angularjs1-zero-ao-deploy@1.0.0-alpha~start: unsafe-perm in lifecycle true
9 verbose lifecycle angularjs1-zero-ao-deploy@1.0.0-alpha~start: PATH: /Users/jaimeflores/.nvm/versions/node/v7.7.1/lib/node_modules/npm/bin/node-gyp-bin:/Users/jaimeflores/dev/angularjs1-zero-ao-deploy/node_modules/.bin:/Users/jaimeflores/.pyenv/shims:/Users/jaimeflores/.nvm/versions/node/v7.7.1/bin:/usr/local/bin:/usr/bin:/bin:/usr/sbin:/sbin
10 verbose lifecycle angularjs1-zero-ao-deploy@1.0.0-alpha~start: CWD: /Users/jaimeflores/dev/angularjs1-zero-ao-deploy
11 silly lifecycle angularjs1-zero-ao-deploy@1.0.0-alpha~start: Args: [ '-c', 'node index' ]
12 silly lifecycle angularjs1-zero-ao-deploy@1.0.0-alpha~start: Returned: code: 1  signal: null
13 info lifecycle angularjs1-zero-ao-deploy@1.0.0-alpha~start: Failed to exec start script
14 verbose stack Error: angularjs1-zero-ao-deploy@1.0.0-alpha start: `node index`
14 verbose stack Exit status 1
14 verbose stack     at EventEmitter.<anonymous> (/Users/jaimeflores/.nvm/versions/node/v7.7.1/lib/node_modules/npm/lib/utils/lifecycle.js:279:16)
14 verbose stack     at emitTwo (events.js:106:13)
14 verbose stack     at EventEmitter.emit (events.js:194:7)
14 verbose stack     at ChildProcess.<anonymous> (/Users/jaimeflores/.nvm/versions/node/v7.7.1/lib/node_modules/npm/lib/utils/spawn.js:40:14)
14 verbose stack     at emitTwo (events.js:106:13)
14 verbose stack     at ChildProcess.emit (events.js:194:7)
14 verbose stack     at maybeClose (internal/child_process.js:899:16)
14 verbose stack     at Process.ChildProcess._handle.onexit (internal/child_process.js:226:5)
15 verbose pkgid angularjs1-zero-ao-deploy@1.0.0-alpha
16 verbose cwd /Users/jaimeflores/dev/angularjs1-zero-ao-deploy
17 error Darwin 16.4.0
18 error argv "/Users/jaimeflores/.nvm/versions/node/v7.7.1/bin/node" "/Users/jaimeflores/.nvm/versions/node/v7.7.1/bin/npm" "start"
19 error node v7.7.1
20 error npm  v4.1.2
21 error code ELIFECYCLE
22 error angularjs1-zero-ao-deploy@1.0.0-alpha start: `node index`
22 error Exit status 1
23 error Failed at the angularjs1-zero-ao-deploy@1.0.0-alpha start script 'node index'.
23 error Make sure you have the latest version of node.js and npm installed.
23 error If you do, this is most likely a problem with the angularjs1-zero-ao-deploy package,
23 error not with npm itself.
23 error Tell the author that this fails on your system:
23 error     node index
23 error You can get information on how to open an issue for this project with:
23 error     npm bugs angularjs1-zero-ao-deploy
23 error Or if that isn't available, you can get their info via:
23 error     npm owner ls angularjs1-zero-ao-deploy
23 error There is likely additional logging output above.
24 verbose exit [ 1, true ]
